
.DS_Store

.DS_Store

image_NB_01480.jpg
mode of transport : 0.842364490032196
racing : 0.7447819113731384
sports : 0.6722273826599121

image_NB_01481.jpg
mode of transport : 0.842364490032196
racing : 0.8246311545372009
sports : 0.8180688619613647

image_NB_01482.jpg
mode of transport : 0.842364490032196
racing : 0.7729488015174866
sports : 0.7470449805259705
jumping : 0.5284764170646667
race track : 0.5033435225486755

image_NB_01483.jpg
racing : 0.8757932782173157
sports : 0.8623930811882019
mode of transport : 0.842364490032196
race track : 0.5082647800445557
jumping : 0.5038213729858398

image_NB_01484.jpg
sports : 0.8868547081947327
racing : 0.8642569184303284
mode of transport : 0.842364490032196

image_NB_01485.jpg
sports : 0.8856251239776611
racing : 0.8828152418136597
mode of transport : 0.842364490032196
race track : 0.5307283401489258
motorsport : 0.5251731276512146

.DS_Store

image12630.jpg
transport : 0.8746695518493652
road : 0.8713452219963074
mode of transport : 0.842364490032196
lane : 0.8253307938575745
asphalt : 0.6889889240264893
race track : 0.647089958190918
infrastructure : 0.646952748298645
highway : 0.6381241083145142
roof : 0.5711485147476196
track : 0.526445746421814

image12631.jpg
human action : 0.9524087905883789
mode of transport : 0.842364490032196
road : 0.8354578018188477
lane : 0.7725845575332642
infrastructure : 0.6437407732009888
race track : 0.6282786130905151
roof : 0.5155290961265564
highway : 0.5013411641120911

image12632.jpg
road : 0.8432109951972961
mode of transport : 0.842364490032196
lane : 0.8368155360221863
asphalt : 0.705997884273529
infrastructure : 0.6390495300292969
race track : 0.6347895264625549
roof : 0.5295712351799011
highway : 0.5178463459014893
pedestrian : 0.5060943365097046

image12633.jpg
lane : 0.8366143703460693
road : 0.8083306550979614
race track : 0.6392276287078857
infrastructure : 0.6323379278182983
roof : 0.589179277420044
highway : 0.516298770904541

image12634.jpg
lane : 0.8474559187889099
mode of transport : 0.842364490032196
road : 0.8305360674858093
infrastructure : 0.6373217105865479
race track : 0.6320909857749939
highway : 0.5725129842758179
driving : 0.5144257545471191
pedestrian : 0.505415141582489

image12635.jpg
human action : 0.9582170248031616
mode of transport : 0.842364490032196
road : 0.8068894743919373
race track : 0.643268346786499
infrastructure : 0.6427220702171326
jumping : 0.5310404300689697
highway : 0.508699893951416

image12636.jpg
lane : 0.8562037348747253
road : 0.8224979639053345
infrastructure : 0.6312123537063599
race track : 0.6224234700202942
pedestrian : 0.5308584570884705
highway : 0.5300451517105103
roof : 0.5164791941642761
traffic : 0.5156657695770264

image12637.jpg
human action : 0.9537737965583801
mode of transport : 0.842364490032196
lane : 0.8118939995765686
infrastructure : 0.6261679530143738
roof : 0.6035880446434021
race track : 0.5771455764770508

image12638.jpg
mode of transport : 0.842364490032196
lane : 0.8303284645080566
road : 0.8301335573196411
infrastructure : 0.6374596357345581
race track : 0.5985126495361328
roof : 0.5731932520866394
highway : 0.5200305581092834

image12639.jpg
transport : 0.8693022727966309
lane : 0.8538806438446045
mode of transport : 0.842364490032196
road : 0.8394424915313721
infrastructure : 0.6404241323471069
highway : 0.5881377458572388
race track : 0.583757758140564
roof : 0.5767855048179626
pedestrian : 0.5258150100708008
traffic : 0.5196002721786499

image12640.jpg
mode of transport : 0.842364490032196
lane : 0.8419429659843445
road : 0.8321324586868286
asphalt : 0.6948038339614868
infrastructure : 0.638282299041748
race track : 0.612855851650238
roof : 0.5544903874397278
highway : 0.5397098064422607
pedestrian : 0.5163501501083374

image12641.jpg
mode of transport : 0.842364490032196
lane : 0.8365870118141174
road : 0.8297668695449829
asphalt : 0.7148755788803101
infrastructure : 0.636089563369751
race track : 0.6049481630325317
roof : 0.5749767422676086
highway : 0.5445911884307861
pedestrian : 0.5018441677093506

image12642.jpg
road : 0.8687931299209595
mode of transport : 0.842364490032196
lane : 0.84139484167099
asphalt : 0.7039209604263306
infrastructure : 0.6481680274009705
highway : 0.5694980025291443
race track : 0.563339352607727
roof : 0.5403996706008911
pedestrian : 0.5159279704093933

image12643.jpg
human action : 0.949667751789093
road : 0.8427163362503052
mode of transport : 0.842364490032196
lane : 0.8423197865486145
infrastructure : 0.6405580639839172
race track : 0.5782429575920105
roof : 0.5440207719802856
highway : 0.5370103716850281
pedestrian : 0.5008723139762878

image12644.jpg
human action : 0.9500168561935425
mode of transport : 0.842364490032196
lane : 0.83356112241745
road : 0.831612229347229
race track : 0.6552356481552124
infrastructure : 0.6397906541824341
highway : 0.5488840937614441
roof : 0.5245416164398193
pedestrian : 0.508886456489563

image12645.jpg
transport : 0.8707558512687683
road : 0.8435119986534119
mode of transport : 0.842364490032196
lane : 0.8265924453735352
infrastructure : 0.637561559677124
roof : 0.5637945532798767
highway : 0.5525317788124084

image12646.jpg
road : 0.8483098149299622
mode of transport : 0.842364490032196
lane : 0.8373975157737732
asphalt : 0.6765764951705933
infrastructure : 0.6491374373435974
race track : 0.6092692613601685
highway : 0.5644192099571228
roof : 0.5222914814949036
pedestrian : 0.5082215070724487

image12647.jpg
mode of transport : 0.842364490032196
road : 0.8298877477645874
lane : 0.8032851815223694
asphalt : 0.6696991920471191
infrastructure : 0.6425750851631165
race track : 0.5959331393241882
highway : 0.5395455956459045
roof : 0.5320637822151184

image12648.jpg
mode of transport : 0.842364490032196
road : 0.842015266418457
lane : 0.8176481127738953
asphalt : 0.6698278784751892
infrastructure : 0.6494389772415161
race track : 0.6381248831748962
highway : 0.5513375401496887

image12649.jpg
road : 0.8464705348014832
mode of transport : 0.842364490032196
lane : 0.7877015471458435
race track : 0.6596647500991821
infrastructure : 0.6578218936920166
asphalt : 0.6292924284934998
highway : 0.5567223429679871

image12650.jpg
mode of transport : 0.842364490032196
road : 0.8417237997055054
lane : 0.7753174304962158
infrastructure : 0.6558056473731995
asphalt : 0.6460299491882324
race track : 0.6191434264183044
roof : 0.5451611876487732
highway : 0.5337451696395874

image12651.jpg
road : 0.8498738408088684
mode of transport : 0.842364490032196
lane : 0.7891695499420166
infrastructure : 0.6609848141670227
race track : 0.6389845013618469
highway : 0.5839857459068298

image12652.jpg
road : 0.8714410066604614
lane : 0.8450086712837219
mode of transport : 0.842364490032196
highway : 0.7021265625953674
infrastructure : 0.6695840358734131
race track : 0.6307410001754761
traffic : 0.5228942632675171

image12653.jpg
road : 0.8527485132217407
mode of transport : 0.842364490032196
lane : 0.8404443860054016
asphalt : 0.6711733937263489
infrastructure : 0.6562142968177795
highway : 0.6503141522407532
race track : 0.6069217920303345
roof : 0.5225222110748291

image12654.jpg
road : 0.8904106020927429
mode of transport : 0.842364490032196
lane : 0.8263782262802124
asphalt : 0.6940422654151917
infrastructure : 0.6696258187294006
highway : 0.6688539385795593
race track : 0.5929447412490845

image12655.jpg
road : 0.8518897294998169
mode of transport : 0.842364490032196
lane : 0.8230133652687073
asphalt : 0.6808623671531677
infrastructure : 0.6579241752624512
highway : 0.6136791110038757
race track : 0.6058505773544312
roof : 0.5260356068611145

image12656.jpg
road : 0.8690457940101624
transport : 0.8669665455818176
mode of transport : 0.842364490032196
lane : 0.8354716300964355
highway : 0.670002281665802
infrastructure : 0.6642983555793762
race track : 0.6235201358795166
traffic : 0.5236198902130127

image12657.jpg
human action : 0.9504153728485107
mode of transport : 0.842364490032196
road : 0.7953681945800781
lane : 0.7943407297134399
infrastructure : 0.6380223631858826
race track : 0.6210869550704956
highway : 0.5392391681671143

image12658.jpg
transport : 0.8704277873039246
road : 0.8519743084907532
lane : 0.8472009301185608
mode of transport : 0.842364490032196
highway : 0.6620561480522156
infrastructure : 0.6572695374488831
traffic : 0.5710887908935547
race track : 0.5586372017860413
pedestrian : 0.5207125544548035

image12659.jpg
transport : 0.8681692481040955
road : 0.8553481698036194
mode of transport : 0.842364490032196
lane : 0.8058701753616333
infrastructure : 0.6597315669059753
highway : 0.6327000260353088
race track : 0.5841975808143616

image12660.jpg
transport : 0.8672525882720947
road : 0.8451732397079468
mode of transport : 0.842364490032196
lane : 0.8143958449363708
infrastructure : 0.6559191942214966
highway : 0.6348426938056946
race track : 0.5677766799926758
roof : 0.5165795683860779
traffic : 0.5129865407943726

image12661.jpg
road : 0.8973000645637512
mode of transport : 0.842364490032196
lane : 0.8039340376853943
race track : 0.7006049156188965
infrastructure : 0.6667190790176392
asphalt : 0.664488673210144
highway : 0.6309390068054199
roof : 0.5190949440002441

image12662.jpg
road : 0.9210987091064453
mode of transport : 0.842364490032196
lane : 0.8350884914398193
highway : 0.7096362113952637
infrastructure : 0.6733510494232178
asphalt : 0.6550857424736023
race track : 0.6352499127388
traffic : 0.5530892610549927
pedestrian : 0.5246731042861938

image12663.jpg
road : 0.912003755569458
mode of transport : 0.842364490032196
lane : 0.8308252096176147
highway : 0.7132051587104797
infrastructure : 0.6722565293312073
race track : 0.6306789517402649
traffic : 0.5455052852630615
pedestrian : 0.5062074065208435

image12664.jpg
road : 0.9123985171318054
lane : 0.8441808819770813
mode of transport : 0.842364490032196
highway : 0.7236761450767517
infrastructure : 0.6697315573692322
race track : 0.6511554718017578
traffic : 0.5942195057868958
pedestrian : 0.5173957943916321

image12665.jpg
road : 0.9162598848342896
transport : 0.8667995929718018
lane : 0.847606360912323
mode of transport : 0.842364490032196
highway : 0.7387640476226807
infrastructure : 0.6711665391921997
race track : 0.6625381708145142
traffic : 0.5822099447250366
pedestrian : 0.544235110282898

image12666.jpg
road : 0.9134671688079834
lane : 0.8695294260978699
transport : 0.8690776228904724
mode of transport : 0.842364490032196
highway : 0.7456207871437073
asphalt : 0.7033072710037231
infrastructure : 0.6708343625068665
race track : 0.6690616011619568
traffic : 0.6263710260391235
overpass : 0.5849453806877136

image12667.jpg
road : 0.906099259853363
mode of transport : 0.842364490032196
lane : 0.8362622261047363
highway : 0.6875423789024353
asphalt : 0.6685634851455688
infrastructure : 0.6680561900138855
race track : 0.6569137573242188

image12668.jpg
road : 0.8848320841789246
mode of transport : 0.842364490032196
lane : 0.8228139877319336
race track : 0.6754696369171143
asphalt : 0.6620548963546753
infrastructure : 0.6611757278442383
highway : 0.6414721012115479

image12669.jpg
road : 0.8935008645057678
mode of transport : 0.842364490032196
lane : 0.8338397145271301
highway : 0.6761885285377502
race track : 0.674824595451355
infrastructure : 0.6647951602935791
asphalt : 0.6242331266403198
pedestrian : 0.5109049677848816

image12670.jpg
road : 0.8430085778236389
mode of transport : 0.842364490032196
lane : 0.7869340181350708
race track : 0.6825206875801086
infrastructure : 0.6476620435714722
highway : 0.5389593243598938

image12671.jpg
transport : 0.8698424100875854
mode of transport : 0.842364490032196
lane : 0.8409740924835205
road : 0.8331969976425171
race track : 0.6822711825370789
infrastructure : 0.6483755111694336
highway : 0.5763863325119019
vehicle : 0.5277829170227051
traffic : 0.512554407119751
pedestrian : 0.5013526678085327

image12672.jpg
mode of transport : 0.842364490032196
automotive exterior : 0.7132492065429688
race track : 0.7102894186973572
infrastructure : 0.632175624370575
roof : 0.5122619271278381

image12673.jpg
transport : 0.8680363893508911
mode of transport : 0.842364490032196
road : 0.797299861907959
lane : 0.7780423760414124
race track : 0.7202677726745605
infrastructure : 0.642404317855835
roof : 0.530146598815918

image12674.jpg
mode of transport : 0.842364490032196
lane : 0.8309406638145447
road : 0.8009325861930847
race track : 0.7399739027023315
infrastructure : 0.6424492597579956
highway : 0.5321287512779236

image12675.jpg
road : 0.8641639351844788
mode of transport : 0.842364490032196
lane : 0.7928923964500427
race track : 0.7374160885810852
asphalt : 0.6646282076835632
infrastructure : 0.6588597297668457
highway : 0.5773819088935852

image12676.jpg
mode of transport : 0.842364490032196
lane : 0.8179804086685181
automotive exterior : 0.7114992141723633
race track : 0.6855968236923218
infrastructure : 0.6260488033294678

image12677.jpg
mode of transport : 0.842364490032196
lane : 0.797092854976654
road : 0.7942701578140259
race track : 0.7358419895172119
automotive exterior : 0.7157657742500305
infrastructure : 0.64215087890625
vehicle : 0.5731765627861023
roof : 0.5061101317405701

image12678.jpg
mode of transport : 0.842364490032196
road : 0.808009147644043
lane : 0.8053410053253174
automotive exterior : 0.7146372199058533
race track : 0.6850216388702393
infrastructure : 0.6516262292861938
roof : 0.5580841898918152

image12679.jpg
mode of transport : 0.842364490032196
lane : 0.8044109344482422
road : 0.7963006496429443
automotive exterior : 0.7241290807723999
race track : 0.672936201095581
infrastructure : 0.6460880041122437
roof : 0.5621014833450317
vehicle : 0.52892005443573

image12680.jpg
mode of transport : 0.842364490032196
lane : 0.820103108882904
road : 0.8109889626502991
automotive exterior : 0.7179384827613831
infrastructure : 0.6473690271377563
race track : 0.6449061036109924
roof : 0.5557886362075806

image12681.jpg
mode of transport : 0.842364490032196
lane : 0.8212884068489075
road : 0.7947719097137451
automotive exterior : 0.7197222709655762
race track : 0.7008999586105347
infrastructure : 0.6442080140113831
roof : 0.5843368768692017

image12682.jpg
mode of transport : 0.842364490032196
road : 0.8347231149673462
lane : 0.8171960115432739
infrastructure : 0.6612508296966553
race track : 0.645677387714386
roof : 0.543906033039093

image12683.jpg
transport : 0.8682645559310913
road : 0.8475861549377441
mode of transport : 0.842364490032196
lane : 0.7860117554664612
race track : 0.6720026135444641
infrastructure : 0.6641579866409302
highway : 0.5200082063674927
roof : 0.5194571614265442

image12684.jpg
mode of transport : 0.842364490032196
road : 0.8053549528121948
lane : 0.7717232704162598
race track : 0.6616949439048767
infrastructure : 0.6571164131164551
roof : 0.587928831577301

image12685.jpg
mode of transport : 0.842364490032196
road : 0.8306618928909302
lane : 0.8040335774421692
race track : 0.6806476712226868
infrastructure : 0.6567716598510742
roof : 0.5514094829559326

image12686.jpg
transport : 0.8691897392272949
road : 0.8562952280044556
mode of transport : 0.842364490032196
lane : 0.826218843460083
infrastructure : 0.6583291292190552
race track : 0.6422878503799438
roof : 0.5714552402496338
highway : 0.5621369481086731

image12687.jpg
mode of transport : 0.842364490032196
lane : 0.8400882482528687
road : 0.8349534273147583
race track : 0.7138063311576843
infrastructure : 0.6535157561302185
highway : 0.5572704076766968
roof : 0.5421057939529419

image12688.jpg
transport : 0.8675493597984314
road : 0.8660111427307129
mode of transport : 0.842364490032196
lane : 0.8261417150497437
race track : 0.6765055656433105
infrastructure : 0.6623718738555908
highway : 0.5674477219581604
roof : 0.5111156702041626

image12689.jpg
road : 0.8553276658058167
mode of transport : 0.842364490032196
lane : 0.8314684629440308
race track : 0.6800946593284607
infrastructure : 0.6592790484428406
highway : 0.5653664469718933
roof : 0.5618606805801392

image12690.jpg
transport : 0.8705164194107056
road : 0.8662581443786621
lane : 0.8567409515380859
mode of transport : 0.842364490032196
race track : 0.6734713315963745
infrastructure : 0.6580209136009216
highway : 0.5893433094024658
roof : 0.5605838894844055
traffic : 0.5031581521034241
driving : 0.5006910562515259

image12691.jpg
mode of transport : 0.842364490032196
road : 0.8297728300094604
lane : 0.7823373079299927
race track : 0.7206718921661377
infrastructure : 0.6471570730209351
asphalt : 0.6468983888626099
roof : 0.6141920685768127

image12692.jpg
road : 0.8455868363380432
mode of transport : 0.842364490032196
lane : 0.8160421252250671
automotive exterior : 0.7100670337677002
race track : 0.6872865557670593
asphalt : 0.6715347170829773
infrastructure : 0.6546879410743713
roof : 0.6307006478309631

image12693.jpg
road : 0.8524749875068665
mode of transport : 0.842364490032196
lane : 0.8228213787078857
asphalt : 0.6989331841468811
roof : 0.6526424884796143
infrastructure : 0.6477165222167969
race track : 0.6429771184921265

image12694.jpg
road : 0.8784417510032654
mode of transport : 0.842364490032196
lane : 0.8167764544487
asphalt : 0.6995024681091309
infrastructure : 0.6582813262939453
race track : 0.6522487998008728
roof : 0.6283427476882935
highway : 0.5267413854598999

image12695.jpg
road : 0.8743309378623962
mode of transport : 0.842364490032196
lane : 0.8211992383003235
asphalt : 0.69477778673172
infrastructure : 0.6549662351608276
race track : 0.6386997699737549
roof : 0.638013482093811
highway : 0.523485004901886

image12696.jpg
road : 0.89114910364151
lane : 0.8436629176139832
mode of transport : 0.842364490032196
asphalt : 0.7395653128623962
infrastructure : 0.657292902469635
race track : 0.6373137831687927
roof : 0.6090896129608154
highway : 0.579272985458374

image12697.jpg
road : 0.86150062084198
mode of transport : 0.842364490032196
lane : 0.8267951011657715
asphalt : 0.6887780427932739
race track : 0.6611776947975159
infrastructure : 0.6491360068321228
roof : 0.6245186924934387
highway : 0.5209692716598511

image12698.jpg
road : 0.891560435295105
lane : 0.8511154651641846
mode of transport : 0.842364490032196
asphalt : 0.7165244221687317
race track : 0.6651656627655029
infrastructure : 0.6595414280891418
highway : 0.6065733432769775
roof : 0.5823010206222534

image12699.jpg
mode of transport : 0.842364490032196
road : 0.8327449560165405
lane : 0.8127695918083191
automotive exterior : 0.7161933183670044
race track : 0.6740087866783142
infrastructure : 0.6468801498413086
roof : 0.6111583113670349
highway : 0.5100401043891907

image27750.jpg
mode of transport : 0.842364490032196
infrastructure : 0.6128872036933899
vehicle : 0.6106283664703369
roof : 0.5618442893028259

image27751.jpg
mode of transport : 0.842364490032196
infrastructure : 0.6210797429084778
vehicle : 0.5797962546348572
roof : 0.5470851063728333

image27752.jpg
mode of transport : 0.842364490032196
infrastructure : 0.6040065288543701
vehicle : 0.5765219926834106

image27753.jpg
mode of transport : 0.842364490032196
infrastructure : 0.6239676475524902
vehicle : 0.5805785059928894

image27754.jpg
mode of transport : 0.842364490032196
infrastructure : 0.6086099147796631
vehicle : 0.551462709903717

image27755.jpg
mode of transport : 0.842364490032196
infrastructure : 0.6301230788230896
vehicle : 0.5389917492866516

image27756.jpg
mode of transport : 0.842364490032196
infrastructure : 0.6134559512138367
vehicle : 0.5933618545532227

image27757.jpg
mode of transport : 0.842364490032196
infrastructure : 0.627504825592041
vehicle : 0.5875273942947388

image27758.jpg
mode of transport : 0.842364490032196
infrastructure : 0.6229346394538879
vehicle : 0.5742236971855164

image27759.jpg
mode of transport : 0.842364490032196
infrastructure : 0.648823618888855

image27760.jpg
mode of transport : 0.842364490032196
infrastructure : 0.6367745995521545
vehicle : 0.5288686752319336

image27761.jpg
mode of transport : 0.842364490032196
infrastructure : 0.6482865810394287

image27762.jpg
mode of transport : 0.842364490032196
infrastructure : 0.6438745260238647

image27763.jpg
mode of transport : 0.842364490032196
infrastructure : 0.6387084126472473

image27764.jpg
mode of transport : 0.842364490032196
infrastructure : 0.6314347386360168

image27765.jpg
mode of transport : 0.842364490032196
infrastructure : 0.6409264802932739

image27766.jpg
mode of transport : 0.842364490032196
infrastructure : 0.6049454808235168

image27767.jpg
mode of transport : 0.842364490032196
infrastructure : 0.6265861392021179
roof : 0.5272232890129089

image27768.jpg
mode of transport : 0.842364490032196
infrastructure : 0.6032267808914185

image27769.jpg
mode of transport : 0.842364490032196
infrastructure : 0.622816801071167
vehicle : 0.5302568674087524

image27770.jpg
mode of transport : 0.842364490032196
infrastructure : 0.6174309849739075

image27771.jpg
mode of transport : 0.842364490032196
lane : 0.8135918378829956
infrastructure : 0.6368291974067688
traffic : 0.5155467987060547

image27772.jpg
mode of transport : 0.842364490032196
lane : 0.8040788769721985
infrastructure : 0.6358903646469116
traffic : 0.5060179233551025

image27773.jpg
mode of transport : 0.842364490032196
lane : 0.8280341625213623
infrastructure : 0.6490330100059509
traffic : 0.5011772513389587

image27774.jpg
mode of transport : 0.842364490032196
infrastructure : 0.630302369594574
traffic : 0.5164145827293396

image27775.jpg
mode of transport : 0.842364490032196
lane : 0.8301884531974792
infrastructure : 0.6405690312385559
traffic : 0.5562291145324707

image27776.jpg
mode of transport : 0.842364490032196
lane : 0.8200877904891968
infrastructure : 0.6294466257095337
traffic : 0.537987232208252

image27777.jpg
mode of transport : 0.842364490032196
infrastructure : 0.6393546462059021
traffic : 0.5396025776863098

image27778.jpg
mode of transport : 0.842364490032196
infrastructure : 0.6313169002532959
vehicle : 0.5568573474884033
traffic : 0.5234564542770386

image27779.jpg
transport : 0.8668017387390137
mode of transport : 0.842364490032196
infrastructure : 0.6424903869628906
traffic : 0.5297560095787048
vehicle : 0.5253341197967529
tunnel : 0.5022760629653931

image27780.jpg
mode of transport : 0.842364490032196
infrastructure : 0.6391732096672058
vehicle : 0.5377635955810547

image27781.jpg
mode of transport : 0.842364490032196
infrastructure : 0.6244574189186096
vehicle : 0.5952880382537842

image27782.jpg
mode of transport : 0.842364490032196
infrastructure : 0.608618974685669

image27783.jpg
mode of transport : 0.842364490032196
infrastructure : 0.6107174158096313
vehicle : 0.5259374380111694

image27784.jpg
mode of transport : 0.842364490032196
infrastructure : 0.6071087121963501

image27785.jpg
mode of transport : 0.842364490032196
infrastructure : 0.61272132396698
roof : 0.5743684768676758
vehicle : 0.536751925945282

image27786.jpg
mode of transport : 0.842364490032196
infrastructure : 0.6086544990539551
roof : 0.5077027082443237

image27787.jpg
mode of transport : 0.842364490032196
infrastructure : 0.6272799968719482

image27788.jpg
mode of transport : 0.842364490032196
infrastructure : 0.6242460012435913

image27789.jpg
mode of transport : 0.842364490032196
infrastructure : 0.6335482597351074

image27790.jpg
mode of transport : 0.842364490032196
infrastructure : 0.6282180547714233

image27791.jpg
mode of transport : 0.842364490032196
infrastructure : 0.6453105211257935

image27792.jpg
mode of transport : 0.842364490032196
infrastructure : 0.6504485011100769

image27793.jpg
mode of transport : 0.842364490032196
road : 0.7966898083686829
infrastructure : 0.6571154594421387
highway : 0.5102729797363281

image27794.jpg
mode of transport : 0.842364490032196
infrastructure : 0.6418296098709106

image27795.jpg
mode of transport : 0.842364490032196
road : 0.8185915350914001
infrastructure : 0.6618658900260925
highway : 0.5193619132041931

image27796.jpg
mode of transport : 0.842364490032196
infrastructure : 0.6111670732498169

image27797.jpg
mode of transport : 0.842364490032196
infrastructure : 0.6281840801239014

image27798.jpg
mode of transport : 0.842364490032196
infrastructure : 0.6219715476036072

image27799.jpg
mode of transport : 0.842364490032196
infrastructure : 0.6194000244140625
vehicle : 0.5465341806411743
traffic : 0.5379892587661743

image35210.jpg
mode of transport : 0.842364490032196
vehicle : 0.7486851811408997
scale model : 0.6420904994010925
supercar : 0.5308103561401367

image35211.jpg
mode of transport : 0.842364490032196
vehicle : 0.7340934872627258
scale model : 0.6383721232414246
supercar : 0.5164836049079895

image35212.jpg
mode of transport : 0.842364490032196
vehicle : 0.7360737323760986
scale model : 0.6556054353713989
screenshot : 0.5538955926895142
supercar : 0.5273720026016235

image35213.jpg
mode of transport : 0.842364490032196
vehicle : 0.7218999862670898
automotive exterior : 0.7020318508148193
supercar : 0.5327703356742859

image35214.jpg
mode of transport : 0.842364490032196
vehicle : 0.7161612510681152
scale model : 0.6365637183189392
screenshot : 0.5612493753433228
supercar : 0.509093701839447

image35215.jpg
mode of transport : 0.842364490032196
vehicle : 0.7143313884735107
scale model : 0.6138731837272644
screenshot : 0.5568860173225403

image35216.jpg
mode of transport : 0.842364490032196
automotive exterior : 0.7050474882125854
vehicle : 0.6862543821334839
scale model : 0.5654228329658508
screenshot : 0.5612173676490784
driving : 0.5045380592346191
supercar : 0.504003643989563

image35217.jpg
mode of transport : 0.842364490032196
vehicle : 0.6788350343704224
scale model : 0.5629274249076843
supercar : 0.5330790877342224
race track : 0.5214168429374695

image35218.jpg
mode of transport : 0.842364490032196
vehicle : 0.6716498732566833
infrastructure : 0.6019157767295837
supercar : 0.5226731300354004
scale model : 0.5001344084739685

image35219.jpg
mode of transport : 0.842364490032196
vehicle : 0.6494232416152954
infrastructure : 0.6020302176475525
supercar : 0.5073997974395752

image35220.jpg
mode of transport : 0.842364490032196
automotive exterior : 0.7025604248046875
vehicle : 0.6507942080497742
supercar : 0.5073325634002686

image35221.jpg
mode of transport : 0.842364490032196
vehicle : 0.6551809310913086
infrastructure : 0.5961108803749084
scale model : 0.5871222019195557

image35222.jpg
mode of transport : 0.842364490032196
vehicle : 0.6714184284210205
supercar : 0.5069937109947205

image35223.jpg
mode of transport : 0.842364490032196
vehicle : 0.6833794116973877
scale model : 0.6476066708564758
supercar : 0.5333998203277588

image35224.jpg
mode of transport : 0.842364490032196
vehicle : 0.6355436444282532
scale model : 0.603373646736145

image35225.jpg
mode of transport : 0.842364490032196
infrastructure : 0.6035231947898865
vehicle : 0.5988864302635193
scale model : 0.523682177066803

image35226.jpg
mode of transport : 0.842364490032196
vehicle : 0.6267533898353577
scale model : 0.5807031393051147

image35227.jpg
mode of transport : 0.842364490032196
automotive exterior : 0.7015483379364014
vehicle : 0.6590571403503418
scale model : 0.5463427901268005

image35228.jpg
mode of transport : 0.842364490032196
vehicle : 0.6338733434677124
infrastructure : 0.6095366477966309
scale model : 0.5213869214057922

image35229.jpg
mode of transport : 0.842364490032196
vehicle : 0.6440003514289856
scale model : 0.622674822807312
infrastructure : 0.5976097583770752

image35230.jpg
mode of transport : 0.842364490032196
automotive exterior : 0.7186381220817566
vehicle : 0.7014530897140503
scale model : 0.6899566650390625

image35231.jpg
mode of transport : 0.842364490032196
vehicle : 0.6898619532585144
scale model : 0.6084743738174438
driving : 0.5015425086021423

image35232.jpg
mode of transport : 0.842364490032196
automotive exterior : 0.7113060355186462
vehicle : 0.7063887119293213
scale model : 0.5870593786239624

image35233.jpg
mode of transport : 0.842364490032196
automotive exterior : 0.7195079922676086
vehicle : 0.6923906207084656
scale model : 0.5712084174156189
driving : 0.502510130405426

image35234.jpg
mode of transport : 0.842364490032196
automotive exterior : 0.7156359553337097
vehicle : 0.6764876246452332
infrastructure : 0.5981389880180359
scale model : 0.5292844176292419

image35235.jpg
mode of transport : 0.842364490032196
vehicle : 0.685260534286499
infrastructure : 0.5994418263435364

image35236.jpg
mode of transport : 0.842364490032196
automotive exterior : 0.7261385321617126
vehicle : 0.6430397629737854
race track : 0.521466076374054
roof : 0.5112601518630981

image35237.jpg
mode of transport : 0.842364490032196
vehicle : 0.6435306072235107
infrastructure : 0.6122370958328247

image35238.jpg
mode of transport : 0.842364490032196
vehicle : 0.6983639597892761
infrastructure : 0.6258479952812195

image35239.jpg
mode of transport : 0.842364490032196
vehicle : 0.6432114243507385
infrastructure : 0.627469539642334

image35240.jpg
mode of transport : 0.842364490032196
vehicle : 0.6416918635368347
infrastructure : 0.6289117932319641

image35241.jpg
mode of transport : 0.842364490032196
automotive exterior : 0.6888023614883423
vehicle : 0.6313214302062988
infrastructure : 0.6138803362846375

image35242.jpg
mode of transport : 0.842364490032196
vehicle : 0.6432367563247681
infrastructure : 0.6187494397163391

image35243.jpg
mode of transport : 0.842364490032196
automotive exterior : 0.7026834487915039
vehicle : 0.6144402623176575
infrastructure : 0.6087554097175598

image35244.jpg
mode of transport : 0.842364490032196
infrastructure : 0.626735508441925
vehicle : 0.5644093155860901

image35245.jpg
mode of transport : 0.842364490032196
infrastructure : 0.6309882998466492
vehicle : 0.5869547724723816

image35246.jpg
mode of transport : 0.842364490032196
infrastructure : 0.6266139149665833
vehicle : 0.6224933862686157

image35247.jpg
mode of transport : 0.842364490032196
infrastructure : 0.6235700845718384
vehicle : 0.6221858263015747

image35248.jpg
mode of transport : 0.842364490032196
infrastructure : 0.6127246618270874
vehicle : 0.5960391759872437

image35249.jpg
mode of transport : 0.842364490032196
vehicle : 0.6317657232284546
infrastructure : 0.6162177324295044

image35250.jpg
mode of transport : 0.842364490032196
infrastructure : 0.6303156018257141
vehicle : 0.6152694225311279

image35251.jpg
mode of transport : 0.842364490032196
infrastructure : 0.6352688074111938
vehicle : 0.6118767857551575

image35252.jpg
mode of transport : 0.842364490032196
infrastructure : 0.6242234706878662
vehicle : 0.5906715393066406

image35253.jpg
mode of transport : 0.842364490032196
infrastructure : 0.6210041046142578
vehicle : 0.5804780721664429

image35254.jpg
mode of transport : 0.842364490032196
infrastructure : 0.6242889165878296
vehicle : 0.540283739566803

image35255.jpg
mode of transport : 0.842364490032196
infrastructure : 0.621299684047699
vehicle : 0.5772212147712708

image35256.jpg
mode of transport : 0.842364490032196
infrastructure : 0.6189964413642883
vehicle : 0.6159428954124451

image35257.jpg
mode of transport : 0.842364490032196
vehicle : 0.6257351636886597
infrastructure : 0.625330924987793

image35258.jpg
mode of transport : 0.842364490032196
infrastructure : 0.600315272808075
vehicle : 0.5543810129165649

image35259.jpg
mode of transport : 0.842364490032196
vehicle : 0.6074001789093018

image35260.jpg
mode of transport : 0.842364490032196
vehicle : 0.6510946750640869

image35261.jpg
mode of transport : 0.842364490032196
vehicle : 0.5941247940063477

image35262.jpg
mode of transport : 0.842364490032196
infrastructure : 0.6026708483695984
vehicle : 0.5982967615127563

image35263.jpg
mode of transport : 0.842364490032196
vehicle : 0.6204696297645569
infrastructure : 0.6134674549102783

image35264.jpg
mode of transport : 0.842364490032196
infrastructure : 0.596757173538208
vehicle : 0.5509997606277466

image35265.jpg
mode of transport : 0.842364490032196
infrastructure : 0.5953118801116943
vehicle : 0.5866499543190002

image35266.jpg
mode of transport : 0.842364490032196
vehicle : 0.5391185879707336

image35267.jpg
mode of transport : 0.842364490032196
infrastructure : 0.6131662726402283
vehicle : 0.5624173879623413

image35268.jpg
mode of transport : 0.842364490032196
infrastructure : 0.6104322075843811
vehicle : 0.5915262699127197

image35269.jpg
mode of transport : 0.842364490032196
scale model : 0.5581941604614258
vehicle : 0.5551979541778564

image04620.jpg
mode of transport : 0.842364490032196
screenshot : 0.5750120282173157
vehicle : 0.5538817048072815
driving : 0.5516360402107239

image04621.jpg
mode of transport : 0.842364490032196
driving : 0.5832289457321167
screenshot : 0.5677193403244019
vehicle : 0.5375190377235413

image04622.jpg
mode of transport : 0.842364490032196
screenshot : 0.5860845446586609
vehicle : 0.5650597214698792
driving : 0.5581902861595154

image04623.jpg
mode of transport : 0.842364490032196
screenshot : 0.5808365941047668
vehicle : 0.5665432810783386
driving : 0.5471075773239136

image04624.jpg
mode of transport : 0.842364490032196
vehicle : 0.5663877129554749
screenshot : 0.5610981583595276
driving : 0.558628261089325

image04625.jpg
mode of transport : 0.842364490032196
screenshot : 0.5823913812637329
driving : 0.5660802721977234
vehicle : 0.521695077419281

image04626.jpg
mode of transport : 0.842364490032196
screenshot : 0.5907227396965027
driving : 0.5697470307350159

image04627.jpg
mode of transport : 0.842364490032196
vehicle : 0.5823426246643066
screenshot : 0.5645453929901123
driving : 0.5396744012832642

image04628.jpg
human action : 0.9498170018196106
mode of transport : 0.842364490032196
vehicle : 0.5531885623931885
driving : 0.5245755314826965

image04629.jpg
human action : 0.9506933093070984
mode of transport : 0.842364490032196

image04630.jpg
mode of transport : 0.842364490032196
screenshot : 0.5666205883026123
vehicle : 0.5457894802093506
driving : 0.522987961769104

image04631.jpg
mode of transport : 0.842364490032196
infrastructure : 0.6005735993385315

image04632.jpg
mode of transport : 0.842364490032196
infrastructure : 0.6033531427383423
vehicle : 0.5483630299568176

image04633.jpg
mode of transport : 0.842364490032196
vehicle : 0.6311700940132141
infrastructure : 0.6108602285385132

image04634.jpg
mode of transport : 0.842364490032196
vehicle : 0.601252019405365
infrastructure : 0.6011177897453308

image04635.jpg
mode of transport : 0.842364490032196
infrastructure : 0.6002407670021057
vehicle : 0.5631235837936401

image04636.jpg
mode of transport : 0.842364490032196
vehicle : 0.5468389987945557
driving : 0.5118502378463745

image04637.jpg
human action : 0.9522191882133484
mode of transport : 0.842364490032196
vehicle : 0.5345830917358398

image04638.jpg
mode of transport : 0.842364490032196
vehicle : 0.6622201204299927

image04639.jpg
mode of transport : 0.842364490032196
vehicle : 0.6801697611808777

image04640.jpg
mode of transport : 0.842364490032196
vehicle : 0.7410204410552979

image04641.jpg
mode of transport : 0.842364490032196
vehicle : 0.6536949276924133

image04642.jpg
mode of transport : 0.842364490032196
vehicle : 0.7438893914222717

image04643.jpg
mode of transport : 0.842364490032196
vehicle : 0.7371348738670349

image04644.jpg
mode of transport : 0.842364490032196
vehicle : 0.7383447289466858

image04645.jpg
mode of transport : 0.842364490032196
vehicle : 0.6460673809051514
infrastructure : 0.5960683226585388

image04646.jpg
mode of transport : 0.842364490032196
vehicle : 0.6782451272010803

image04647.jpg
mode of transport : 0.842364490032196
vehicle : 0.6603331565856934

image04648.jpg
mode of transport : 0.842364490032196
vehicle : 0.6764465570449829

image04649.jpg
mode of transport : 0.842364490032196
vehicle : 0.6239756345748901
screenshot : 0.5605849027633667

image04650.jpg
mode of transport : 0.842364490032196
vehicle : 0.6807405948638916
screenshot : 0.5665460228919983

image04651.jpg
mode of transport : 0.842364490032196
vehicle : 0.5645223259925842
screenshot : 0.5553162693977356

image04652.jpg
mode of transport : 0.842364490032196
screenshot : 0.563957929611206
vehicle : 0.5413323044776917

image04653.jpg
mode of transport : 0.842364490032196
vehicle : 0.6094197034835815

image04654.jpg
mode of transport : 0.842364490032196
vehicle : 0.6194585561752319
screenshot : 0.5854330658912659
driving : 0.5313974022865295
windshield : 0.5104600787162781

image04655.jpg
mode of transport : 0.842364490032196
vehicle : 0.5803012847900391
driving : 0.5106788277626038

image04656.jpg
mode of transport : 0.842364490032196
vehicle : 0.5980314016342163

image04657.jpg
mode of transport : 0.842364490032196
vehicle : 0.643195390701294

image04658.jpg
mode of transport : 0.842364490032196
vehicle : 0.6422567963600159

image04659.jpg
mode of transport : 0.842364490032196
vehicle : 0.6729311943054199

image04660.jpg
mode of transport : 0.842364490032196
vehicle : 0.7339999675750732

image04661.jpg
mode of transport : 0.842364490032196
vehicle : 0.7484974265098572

image04662.jpg
mode of transport : 0.842364490032196
vehicle : 0.740342378616333

image04663.jpg
mode of transport : 0.842364490032196
vehicle : 0.6519579291343689
jumping : 0.5241999626159668

image04664.jpg
mode of transport : 0.842364490032196
vehicle : 0.6516249179840088

image04665.jpg
mode of transport : 0.842364490032196
vehicle : 0.7541211843490601

image04666.jpg
mode of transport : 0.842364490032196
vehicle : 0.73284512758255
screenshot : 0.582772433757782

image04667.jpg
mode of transport : 0.842364490032196
vehicle : 0.7341520190238953
screenshot : 0.5649546384811401

image04668.jpg
mode of transport : 0.842364490032196
vehicle : 0.7206264734268188

image04669.jpg
mode of transport : 0.842364490032196
vehicle : 0.7200038433074951

image04670.jpg
mode of transport : 0.842364490032196
vehicle : 0.7130352854728699

image04671.jpg
mode of transport : 0.842364490032196
vehicle : 0.732016921043396

image04672.jpg
mode of transport : 0.842364490032196
vehicle : 0.6305855512619019
screenshot : 0.5686211585998535
roof : 0.5365797281265259
windshield : 0.5073989033699036

image04673.jpg
mode of transport : 0.842364490032196
vehicle : 0.6327264308929443
roof : 0.5855362415313721
windshield : 0.5274986624717712

image04674.jpg
mode of transport : 0.842364490032196
vehicle : 0.666840136051178
roof : 0.5574979782104492
windshield : 0.5213841199874878

image04675.jpg
mode of transport : 0.842364490032196
windshield : 0.5872923731803894
vehicle : 0.5768978595733643
roof : 0.5758453607559204
driving : 0.532317578792572

image04676.jpg
mode of transport : 0.842364490032196
vehicle : 0.5837455987930298
roof : 0.5402164459228516
windshield : 0.5069097280502319

image04677.jpg
mode of transport : 0.842364490032196
vehicle : 0.6700783371925354
infrastructure : 0.5954395532608032
roof : 0.5344133973121643

image04678.jpg
mode of transport : 0.842364490032196
vehicle : 0.6792702674865723

image04679.jpg
mode of transport : 0.842364490032196
vehicle : 0.6110544800758362
infrastructure : 0.6018897294998169

image04680.jpg
mode of transport : 0.842364490032196
vehicle : 0.6257414817810059
infrastructure : 0.5986152291297913

image04681.jpg
mode of transport : 0.842364490032196
vehicle : 0.5703775882720947

image04682.jpg
mode of transport : 0.842364490032196
screenshot : 0.5861238837242126
vehicle : 0.5738601684570312
driving : 0.5088560581207275

image04683.jpg
mode of transport : 0.842364490032196
screenshot : 0.5616937279701233
vehicle : 0.5405381917953491
driving : 0.5385227203369141

image04684.jpg
mode of transport : 0.842364490032196
vehicle : 0.5932546854019165
screenshot : 0.586757242679596
driving : 0.5479593276977539

image04685.jpg
mode of transport : 0.842364490032196
screenshot : 0.5671811103820801
driving : 0.5497427582740784

image04686.jpg
mode of transport : 0.842364490032196
infrastructure : 0.6071784496307373
screenshot : 0.5545733571052551
driving : 0.5394679307937622

image04687.jpg
mode of transport : 0.842364490032196
infrastructure : 0.6055392622947693
vehicle : 0.5710961222648621
driving : 0.5225646495819092

image04688.jpg
mode of transport : 0.842364490032196
vehicle : 0.6506195068359375

image04689.jpg
mode of transport : 0.842364490032196
vehicle : 0.639045774936676
infrastructure : 0.6022143363952637

image04690.jpg
mode of transport : 0.842364490032196
vehicle : 0.6468718647956848
infrastructure : 0.6049395203590393
windshield : 0.5046543478965759

image04691.jpg
mode of transport : 0.842364490032196
vehicle : 0.6728243231773376
infrastructure : 0.6175245046615601

image04692.jpg
mode of transport : 0.842364490032196
vehicle : 0.6842160224914551
infrastructure : 0.6043670773506165
windshield : 0.540751576423645

image04693.jpg
mode of transport : 0.842364490032196
automotive exterior : 0.7366451621055603
vehicle : 0.7091529369354248
windshield : 0.616763710975647
driving : 0.5395651459693909

image04694.jpg
mode of transport : 0.842364490032196
automotive exterior : 0.7295586466789246
vehicle : 0.6550496816635132
infrastructure : 0.6022001504898071
windshield : 0.5839366912841797
driving : 0.5402292013168335

image04695.jpg
mode of transport : 0.842364490032196
automotive exterior : 0.7306287884712219
vehicle : 0.6391905546188354
windshield : 0.5529048442840576
driving : 0.54301518201828

image04696.jpg
mode of transport : 0.842364490032196
automotive exterior : 0.7383952140808105
vehicle : 0.6644465923309326
windshield : 0.6068435311317444
driving : 0.5606318712234497
roof : 0.5208860635757446

image04697.jpg
mode of transport : 0.842364490032196
vehicle : 0.6599653363227844
windshield : 0.5610560178756714

image04698.jpg
mode of transport : 0.842364490032196
automotive exterior : 0.7291224598884583
vehicle : 0.7136435508728027
windshield : 0.5582354664802551
driving : 0.5124359130859375

image04699.jpg
mode of transport : 0.842364490032196
automotive exterior : 0.7420879602432251
vehicle : 0.6678992509841919
windshield : 0.5776321291923523
driving : 0.5352649688720703
